Compiling the C compiler identification source file "CMakeCCompilerId.c" failed.
Compiler: /home/lch/esp/xtensa-esp32-elf/bin/xtensa-esp32-elf-cc 
Build flags: 
Id flags:  

The output was:
1
/home/lch/esp/xtensa-esp32-elf/bin/../lib/gcc/xtensa-esp32-elf/5.2.0/../../../../xtensa-esp32-elf/bin/ld: cannot find crt1-sim.o: No such file or directory
/home/lch/esp/xtensa-esp32-elf/bin/../lib/gcc/xtensa-esp32-elf/5.2.0/../../../../xtensa-esp32-elf/bin/ld: cannot find _vectors.o: No such file or directory
/home/lch/esp/xtensa-esp32-elf/bin/../lib/gcc/xtensa-esp32-elf/5.2.0/../../../../xtensa-esp32-elf/bin/ld: cannot find -lsim
/home/lch/esp/xtensa-esp32-elf/bin/../lib/gcc/xtensa-esp32-elf/5.2.0/../../../../xtensa-esp32-elf/bin/ld: cannot find -lhandlers-sim
/home/lch/esp/xtensa-esp32-elf/bin/../lib/gcc/xtensa-esp32-elf/5.2.0/../../../../xtensa-esp32-elf/bin/ld: cannot find -lhal
collect2: error: ld returned 1 exit status


Compiling the CXX compiler identification source file "CMakeCXXCompilerId.cpp" failed.
Compiler: /home/lch/esp/xtensa-esp32-elf/bin/xtensa-esp32-elf-c++ 
Build flags: 
Id flags:  

The output was:
1
/home/lch/esp/xtensa-esp32-elf/bin/../lib/gcc/xtensa-esp32-elf/5.2.0/../../../../xtensa-esp32-elf/bin/ld: cannot find crt1-sim.o: No such file or directory
/home/lch/esp/xtensa-esp32-elf/bin/../lib/gcc/xtensa-esp32-elf/5.2.0/../../../../xtensa-esp32-elf/bin/ld: cannot find _vectors.o: No such file or directory
/home/lch/esp/xtensa-esp32-elf/bin/../lib/gcc/xtensa-esp32-elf/5.2.0/../../../../xtensa-esp32-elf/bin/ld: cannot find -lsim
/home/lch/esp/xtensa-esp32-elf/bin/../lib/gcc/xtensa-esp32-elf/5.2.0/../../../../xtensa-esp32-elf/bin/ld: cannot find -lhandlers-sim
/home/lch/esp/xtensa-esp32-elf/bin/../lib/gcc/xtensa-esp32-elf/5.2.0/../../../../xtensa-esp32-elf/bin/ld: cannot find -lhal
collect2: error: ld returned 1 exit status


Determining if the C compiler works failed with the following output:
Change Dir: /home/lch/esp/esp-idf/examples/get-started/hello_world/cmake-build-debug/CMakeFiles/CMakeTmp

Run Build Command(s):/usr/bin/make cmTC_4dce4/fast && /usr/bin/make -f CMakeFiles/cmTC_4dce4.dir/build.make CMakeFiles/cmTC_4dce4.dir/build
make[1]: Entering directory '/home/lch/esp/esp-idf/examples/get-started/hello_world/cmake-build-debug/CMakeFiles/CMakeTmp'
Building C object CMakeFiles/cmTC_4dce4.dir/testCCompiler.c.o
/home/lch/esp/xtensa-esp32-elf/bin/xtensa-esp32-elf-cc    -o CMakeFiles/cmTC_4dce4.dir/testCCompiler.c.o   -c /home/lch/esp/esp-idf/examples/get-started/hello_world/cmake-build-debug/CMakeFiles/CMakeTmp/testCCompiler.c
Linking C executable cmTC_4dce4
/snap/clion/107/bin/cmake/linux/bin/cmake -E cmake_link_script CMakeFiles/cmTC_4dce4.dir/link.txt --verbose=1
/home/lch/esp/xtensa-esp32-elf/bin/xtensa-esp32-elf-cc      CMakeFiles/cmTC_4dce4.dir/testCCompiler.c.o  -o cmTC_4dce4 
/home/lch/esp/xtensa-esp32-elf/bin/../lib/gcc/xtensa-esp32-elf/5.2.0/../../../../xtensa-esp32-elf/bin/ld: cannot find crt1-sim.o: No such file or directory
/home/lch/esp/xtensa-esp32-elf/bin/../lib/gcc/xtensa-esp32-elf/5.2.0/../../../../xtensa-esp32-elf/bin/ld: cannot find _vectors.o: No such file or directory
/home/lch/esp/xtensa-esp32-elf/bin/../lib/gcc/xtensa-esp32-elf/5.2.0/../../../../xtensa-esp32-elf/bin/ld: cannot find -lsim
/home/lch/esp/xtensa-esp32-elf/bin/../lib/gcc/xtensa-esp32-elf/5.2.0/../../../../xtensa-esp32-elf/bin/ld: cannot find -lhandlers-sim
/home/lch/esp/xtensa-esp32-elf/bin/../lib/gcc/xtensa-esp32-elf/5.2.0/../../../../xtensa-esp32-elf/bin/ld: cannot find -lhal
collect2: error: ld returned 1 exit status
CMakeFiles/cmTC_4dce4.dir/build.make:86: recipe for target 'cmTC_4dce4' failed
make[1]: *** [cmTC_4dce4] Error 1
make[1]: Leaving directory '/home/lch/esp/esp-idf/examples/get-started/hello_world/cmake-build-debug/CMakeFiles/CMakeTmp'
Makefile:121: recipe for target 'cmTC_4dce4/fast' failed
make: *** [cmTC_4dce4/fast] Error 2



Compiling the C compiler identification source file "CMakeCCompilerId.c" failed.
Compiler: /home/lch/esp/xtensa-esp32-elf/bin/xtensa-esp32-elf-cc 
Build flags: 
Id flags:  

The output was:
1
/home/lch/esp/xtensa-esp32-elf/bin/../lib/gcc/xtensa-esp32-elf/5.2.0/../../../../xtensa-esp32-elf/bin/ld: cannot find crt1-sim.o: No such file or directory
/home/lch/esp/xtensa-esp32-elf/bin/../lib/gcc/xtensa-esp32-elf/5.2.0/../../../../xtensa-esp32-elf/bin/ld: cannot find _vectors.o: No such file or directory
/home/lch/esp/xtensa-esp32-elf/bin/../lib/gcc/xtensa-esp32-elf/5.2.0/../../../../xtensa-esp32-elf/bin/ld: cannot find -lsim
/home/lch/esp/xtensa-esp32-elf/bin/../lib/gcc/xtensa-esp32-elf/5.2.0/../../../../xtensa-esp32-elf/bin/ld: cannot find -lhandlers-sim
/home/lch/esp/xtensa-esp32-elf/bin/../lib/gcc/xtensa-esp32-elf/5.2.0/../../../../xtensa-esp32-elf/bin/ld: cannot find -lhal
collect2: error: ld returned 1 exit status


Compiling the CXX compiler identification source file "CMakeCXXCompilerId.cpp" failed.
Compiler: /home/lch/esp/xtensa-esp32-elf/bin/xtensa-esp32-elf-c++ 
Build flags: 
Id flags:  

The output was:
1
/home/lch/esp/xtensa-esp32-elf/bin/../lib/gcc/xtensa-esp32-elf/5.2.0/../../../../xtensa-esp32-elf/bin/ld: cannot find crt1-sim.o: No such file or directory
/home/lch/esp/xtensa-esp32-elf/bin/../lib/gcc/xtensa-esp32-elf/5.2.0/../../../../xtensa-esp32-elf/bin/ld: cannot find _vectors.o: No such file or directory
/home/lch/esp/xtensa-esp32-elf/bin/../lib/gcc/xtensa-esp32-elf/5.2.0/../../../../xtensa-esp32-elf/bin/ld: cannot find -lsim
/home/lch/esp/xtensa-esp32-elf/bin/../lib/gcc/xtensa-esp32-elf/5.2.0/../../../../xtensa-esp32-elf/bin/ld: cannot find -lhandlers-sim
/home/lch/esp/xtensa-esp32-elf/bin/../lib/gcc/xtensa-esp32-elf/5.2.0/../../../../xtensa-esp32-elf/bin/ld: cannot find -lhal
collect2: error: ld returned 1 exit status


Determining if the C compiler works failed with the following output:
Change Dir: /home/lch/esp/esp-idf/examples/get-started/hello_world/cmake-build-debug/CMakeFiles/CMakeTmp

Run Build Command(s):/usr/bin/make cmTC_1147e/fast && /usr/bin/make -f CMakeFiles/cmTC_1147e.dir/build.make CMakeFiles/cmTC_1147e.dir/build
make[1]: Entering directory '/home/lch/esp/esp-idf/examples/get-started/hello_world/cmake-build-debug/CMakeFiles/CMakeTmp'
Building C object CMakeFiles/cmTC_1147e.dir/testCCompiler.c.o
/home/lch/esp/xtensa-esp32-elf/bin/xtensa-esp32-elf-cc    -o CMakeFiles/cmTC_1147e.dir/testCCompiler.c.o   -c /home/lch/esp/esp-idf/examples/get-started/hello_world/cmake-build-debug/CMakeFiles/CMakeTmp/testCCompiler.c
Linking C executable cmTC_1147e
/snap/clion/107/bin/cmake/linux/bin/cmake -E cmake_link_script CMakeFiles/cmTC_1147e.dir/link.txt --verbose=1
/home/lch/esp/xtensa-esp32-elf/bin/xtensa-esp32-elf-cc      CMakeFiles/cmTC_1147e.dir/testCCompiler.c.o  -o cmTC_1147e 
/home/lch/esp/xtensa-esp32-elf/bin/../lib/gcc/xtensa-esp32-elf/5.2.0/../../../../xtensa-esp32-elf/bin/ld: cannot find crt1-sim.o: No such file or directory
/home/lch/esp/xtensa-esp32-elf/bin/../lib/gcc/xtensa-esp32-elf/5.2.0/../../../../xtensa-esp32-elf/bin/ld: cannot find _vectors.o: No such file or directory
/home/lch/esp/xtensa-esp32-elf/bin/../lib/gcc/xtensa-esp32-elf/5.2.0/../../../../xtensa-esp32-elf/bin/ld: cannot find -lsim
/home/lch/esp/xtensa-esp32-elf/bin/../lib/gcc/xtensa-esp32-elf/5.2.0/../../../../xtensa-esp32-elf/bin/ld: cannot find -lhandlers-sim
/home/lch/esp/xtensa-esp32-elf/bin/../lib/gcc/xtensa-esp32-elf/5.2.0/../../../../xtensa-esp32-elf/bin/ld: cannot find -lhal
collect2: error: ld returned 1 exit status
CMakeFiles/cmTC_1147e.dir/build.make:86: recipe for target 'cmTC_1147e' failed
make[1]: *** [cmTC_1147e] Error 1
make[1]: Leaving directory '/home/lch/esp/esp-idf/examples/get-started/hello_world/cmake-build-debug/CMakeFiles/CMakeTmp'
Makefile:121: recipe for target 'cmTC_1147e/fast' failed
make: *** [cmTC_1147e/fast] Error 2



Compiling the C compiler identification source file "CMakeCCompilerId.c" failed.
Compiler: /home/lch/esp/xtensa-esp32-elf/bin/xtensa-esp32-elf-cc 
Build flags: 
Id flags:  

The output was:
1
/home/lch/esp/xtensa-esp32-elf/bin/../lib/gcc/xtensa-esp32-elf/5.2.0/../../../../xtensa-esp32-elf/bin/ld: cannot find crt1-sim.o: No such file or directory
/home/lch/esp/xtensa-esp32-elf/bin/../lib/gcc/xtensa-esp32-elf/5.2.0/../../../../xtensa-esp32-elf/bin/ld: cannot find _vectors.o: No such file or directory
/home/lch/esp/xtensa-esp32-elf/bin/../lib/gcc/xtensa-esp32-elf/5.2.0/../../../../xtensa-esp32-elf/bin/ld: cannot find -lsim
/home/lch/esp/xtensa-esp32-elf/bin/../lib/gcc/xtensa-esp32-elf/5.2.0/../../../../xtensa-esp32-elf/bin/ld: cannot find -lhandlers-sim
/home/lch/esp/xtensa-esp32-elf/bin/../lib/gcc/xtensa-esp32-elf/5.2.0/../../../../xtensa-esp32-elf/bin/ld: cannot find -lhal
collect2: error: ld returned 1 exit status


Compiling the CXX compiler identification source file "CMakeCXXCompilerId.cpp" failed.
Compiler: /home/lch/esp/xtensa-esp32-elf/bin/xtensa-esp32-elf-c++ 
Build flags: 
Id flags:  

The output was:
1
/home/lch/esp/xtensa-esp32-elf/bin/../lib/gcc/xtensa-esp32-elf/5.2.0/../../../../xtensa-esp32-elf/bin/ld: cannot find crt1-sim.o: No such file or directory
/home/lch/esp/xtensa-esp32-elf/bin/../lib/gcc/xtensa-esp32-elf/5.2.0/../../../../xtensa-esp32-elf/bin/ld: cannot find _vectors.o: No such file or directory
/home/lch/esp/xtensa-esp32-elf/bin/../lib/gcc/xtensa-esp32-elf/5.2.0/../../../../xtensa-esp32-elf/bin/ld: cannot find -lsim
/home/lch/esp/xtensa-esp32-elf/bin/../lib/gcc/xtensa-esp32-elf/5.2.0/../../../../xtensa-esp32-elf/bin/ld: cannot find -lhandlers-sim
/home/lch/esp/xtensa-esp32-elf/bin/../lib/gcc/xtensa-esp32-elf/5.2.0/../../../../xtensa-esp32-elf/bin/ld: cannot find -lhal
collect2: error: ld returned 1 exit status


Determining if the C compiler works failed with the following output:
Change Dir: /home/lch/esp/esp-idf/examples/get-started/hello_world/cmake-build-debug/CMakeFiles/CMakeTmp

Run Build Command(s):/usr/bin/make cmTC_1a735/fast && /usr/bin/make -f CMakeFiles/cmTC_1a735.dir/build.make CMakeFiles/cmTC_1a735.dir/build
make[1]: Entering directory '/home/lch/esp/esp-idf/examples/get-started/hello_world/cmake-build-debug/CMakeFiles/CMakeTmp'
Building C object CMakeFiles/cmTC_1a735.dir/testCCompiler.c.o
/home/lch/esp/xtensa-esp32-elf/bin/xtensa-esp32-elf-cc    -o CMakeFiles/cmTC_1a735.dir/testCCompiler.c.o   -c /home/lch/esp/esp-idf/examples/get-started/hello_world/cmake-build-debug/CMakeFiles/CMakeTmp/testCCompiler.c
Linking C executable cmTC_1a735
/snap/clion/107/bin/cmake/linux/bin/cmake -E cmake_link_script CMakeFiles/cmTC_1a735.dir/link.txt --verbose=1
/home/lch/esp/xtensa-esp32-elf/bin/xtensa-esp32-elf-cc      CMakeFiles/cmTC_1a735.dir/testCCompiler.c.o  -o cmTC_1a735 
/home/lch/esp/xtensa-esp32-elf/bin/../lib/gcc/xtensa-esp32-elf/5.2.0/../../../../xtensa-esp32-elf/bin/ld: cannot find crt1-sim.o: No such file or directory
/home/lch/esp/xtensa-esp32-elf/bin/../lib/gcc/xtensa-esp32-elf/5.2.0/../../../../xtensa-esp32-elf/bin/ld: cannot find _vectors.o: No such file or directory
/home/lch/esp/xtensa-esp32-elf/bin/../lib/gcc/xtensa-esp32-elf/5.2.0/../../../../xtensa-esp32-elf/bin/ld: cannot find -lsim
/home/lch/esp/xtensa-esp32-elf/bin/../lib/gcc/xtensa-esp32-elf/5.2.0/../../../../xtensa-esp32-elf/bin/ld: cannot find -lhandlers-sim
/home/lch/esp/xtensa-esp32-elf/bin/../lib/gcc/xtensa-esp32-elf/5.2.0/../../../../xtensa-esp32-elf/bin/ld: cannot find -lhal
collect2: error: ld returned 1 exit status
CMakeFiles/cmTC_1a735.dir/build.make:86: recipe for target 'cmTC_1a735' failed
make[1]: *** [cmTC_1a735] Error 1
make[1]: Leaving directory '/home/lch/esp/esp-idf/examples/get-started/hello_world/cmake-build-debug/CMakeFiles/CMakeTmp'
Makefile:121: recipe for target 'cmTC_1a735/fast' failed
make: *** [cmTC_1a735/fast] Error 2



