Compiling the C compiler identification source file "CMakeCCompilerId.c" failed.
Compiler: /home/lch/esp/xtensa-esp32-elf/bin/xtensa-esp32-elf-gcc 
Build flags: -mlongcalls;-Wno-frame-address
Id flags:  

The output was:
1
/home/lch/esp/xtensa-esp32-elf/bin/../lib/gcc/xtensa-esp32-elf/5.2.0/../../../../xtensa-esp32-elf/bin/ld: cannot find crt1-sim.o: No such file or directory
/home/lch/esp/xtensa-esp32-elf/bin/../lib/gcc/xtensa-esp32-elf/5.2.0/../../../../xtensa-esp32-elf/bin/ld: cannot find _vectors.o: No such file or directory
/home/lch/esp/xtensa-esp32-elf/bin/../lib/gcc/xtensa-esp32-elf/5.2.0/../../../../xtensa-esp32-elf/bin/ld: cannot find -lsim
/home/lch/esp/xtensa-esp32-elf/bin/../lib/gcc/xtensa-esp32-elf/5.2.0/../../../../xtensa-esp32-elf/bin/ld: cannot find -lhandlers-sim
/home/lch/esp/xtensa-esp32-elf/bin/../lib/gcc/xtensa-esp32-elf/5.2.0/../../../../xtensa-esp32-elf/bin/ld: cannot find -lhal
collect2: error: ld returned 1 exit status


Compiling the CXX compiler identification source file "CMakeCXXCompilerId.cpp" failed.
Compiler: /home/lch/esp/xtensa-esp32-elf/bin/xtensa-esp32-elf-g++ 
Build flags: -mlongcalls;-Wno-frame-address
Id flags:  

The output was:
1
/home/lch/esp/xtensa-esp32-elf/bin/../lib/gcc/xtensa-esp32-elf/5.2.0/../../../../xtensa-esp32-elf/bin/ld: cannot find crt1-sim.o: No such file or directory
/home/lch/esp/xtensa-esp32-elf/bin/../lib/gcc/xtensa-esp32-elf/5.2.0/../../../../xtensa-esp32-elf/bin/ld: cannot find _vectors.o: No such file or directory
/home/lch/esp/xtensa-esp32-elf/bin/../lib/gcc/xtensa-esp32-elf/5.2.0/../../../../xtensa-esp32-elf/bin/ld: cannot find -lsim
/home/lch/esp/xtensa-esp32-elf/bin/../lib/gcc/xtensa-esp32-elf/5.2.0/../../../../xtensa-esp32-elf/bin/ld: cannot find -lhandlers-sim
/home/lch/esp/xtensa-esp32-elf/bin/../lib/gcc/xtensa-esp32-elf/5.2.0/../../../../xtensa-esp32-elf/bin/ld: cannot find -lhal
collect2: error: ld returned 1 exit status


Determining if the C compiler works failed with the following output:
Change Dir: /home/lch/Desktop/eclipse_workspace/hello_world/build/CMakeFiles/CMakeTmp

Run Build Command(s):/home/lch/.espressif/tools/ninja/1.10.0/ninja cmTC_b94e4 && [1/2] Building C object CMakeFiles/cmTC_b94e4.dir/testCCompiler.c.obj
[2/2] Linking C executable cmTC_b94e4
FAILED: cmTC_b94e4 
: && /home/lch/esp/xtensa-esp32-elf/bin/xtensa-esp32-elf-gcc -mlongcalls -Wno-frame-address   CMakeFiles/cmTC_b94e4.dir/testCCompiler.c.obj  -o cmTC_b94e4   && :
/home/lch/esp/xtensa-esp32-elf/bin/../lib/gcc/xtensa-esp32-elf/5.2.0/../../../../xtensa-esp32-elf/bin/ld: cannot find crt1-sim.o: No such file or directory
/home/lch/esp/xtensa-esp32-elf/bin/../lib/gcc/xtensa-esp32-elf/5.2.0/../../../../xtensa-esp32-elf/bin/ld: cannot find _vectors.o: No such file or directory
/home/lch/esp/xtensa-esp32-elf/bin/../lib/gcc/xtensa-esp32-elf/5.2.0/../../../../xtensa-esp32-elf/bin/ld: cannot find -lsim
/home/lch/esp/xtensa-esp32-elf/bin/../lib/gcc/xtensa-esp32-elf/5.2.0/../../../../xtensa-esp32-elf/bin/ld: cannot find -lhandlers-sim
/home/lch/esp/xtensa-esp32-elf/bin/../lib/gcc/xtensa-esp32-elf/5.2.0/../../../../xtensa-esp32-elf/bin/ld: cannot find -lhal
collect2: error: ld returned 1 exit status
ninja: build stopped: subcommand failed.



